f:\cse687ood\project4\project4\codepublisher\codepublisher\debug\codepublisher.pdb
f:\cse687ood\project4\project4\codepublisher\codepublisher\debug\codepublisher.idb
f:\cse687ood\project4\project4\codepublisher\codepublisher\debug\scopetable.obj
f:\cse687ood\project4\project4\codepublisher\codepublisher\debug\scopeanalyser.obj
f:\cse687ood\project4\project4\codepublisher\codepublisher\debug\process.obj
f:\cse687ood\project4\project4\codepublisher\codepublisher\debug\parser.obj
f:\cse687ood\project4\project4\codepublisher\codepublisher\debug\configureparser.obj
f:\cse687ood\project4\project4\codepublisher\codepublisher\debug\actionsandrules.obj
f:\cse687ood\project4\project4\codepublisher\codepublisher\debug\parserhelper.obj
f:\cse687ood\project4\project4\codepublisher\codepublisher\debug\logger.obj
f:\cse687ood\project4\project4\codepublisher\codepublisher\debug\grammarhelpers.obj
f:\cse687ood\project4\project4\codepublisher\codepublisher\debug\filesystem.obj
f:\cse687ood\project4\project4\codepublisher\codepublisher\debug\filesearch.obj
f:\cse687ood\project4\project4\codepublisher\codepublisher\debug\filemgr.obj
f:\cse687ood\project4\project4\codepublisher\codepublisher\debug\direxplorern.obj
f:\cse687ood\project4\project4\codepublisher\codepublisher\debug\dependencyanalyser.obj
f:\cse687ood\project4\project4\codepublisher\codepublisher\debug\cppanalyser.obj
f:\cse687ood\project4\project4\codepublisher\codepublisher\debug\cpp11-blockingqueue.obj
f:\cse687ood\project4\project4\codepublisher\codepublisher\debug\converter.obj
f:\cse687ood\project4\project4\codepublisher\codepublisher\debug\commentanalyser.obj
f:\cse687ood\project4\project4\codepublisher\codepublisher\debug\configurecodeanalysers.obj
f:\cse687ood\project4\project4\codepublisher\codepublisher\debug\abstrsyntree.obj
f:\cse687ood\project4\project4\codepublisher\codepublisher\debug\codepublisher.obj
f:\cse687ood\project4\project4\codepublisher\codepublisher\debug\utilities.obj
f:\cse687ood\project4\project4\codepublisher\codepublisher\debug\stringutilities.obj
f:\cse687ood\project4\project4\codepublisher\codepublisher\debug\codeutilities.obj
f:\cse687ood\project4\project4\codepublisher\codepublisher\debug\toker.obj
f:\cse687ood\project4\project4\codepublisher\codepublisher\debug\specialcharacteranalyser.obj
f:\cse687ood\project4\project4\codepublisher\codepublisher\debug\semi.obj
f:\cse687ood\project4\project4\codepublisher\codepublisher\debug\scopestack.obj
f:\cse687ood\project4\project4\codepublisher\debug\codepublisher.lib
f:\cse687ood\project4\project4\codepublisher\codepublisher\debug\codepublisher.tlog\cl.command.1.tlog
f:\cse687ood\project4\project4\codepublisher\codepublisher\debug\codepublisher.tlog\cl.read.1.tlog
f:\cse687ood\project4\project4\codepublisher\codepublisher\debug\codepublisher.tlog\cl.write.1.tlog
f:\cse687ood\project4\project4\codepublisher\codepublisher\debug\codepublisher.tlog\lib-link.read.1.tlog
f:\cse687ood\project4\project4\codepublisher\codepublisher\debug\codepublisher.tlog\lib-link.write.1.tlog
f:\cse687ood\project4\project4\codepublisher\codepublisher\debug\codepublisher.tlog\lib.command.1.tlog
