f:\cse687ood\project2\project2\parser\debug\parser.pdb
f:\cse687ood\project2\project2\parser\debug\parser.idb
f:\cse687ood\project2\project2\parser\debug\parser.obj
f:\cse687ood\project2\project2\parser\debug\configureparser.obj
f:\cse687ood\project2\project2\parser\debug\actionsandrules.obj
f:\cse687ood\project2\project2\parser\debug\utilities.obj
f:\cse687ood\project2\project2\parser\debug\toker.obj
f:\cse687ood\project2\project2\parser\debug\semi.obj
f:\cse687ood\project2\project2\parser\debug\scopestack.obj
f:\cse687ood\project2\project2\parser\debug\logger.obj
f:\cse687ood\project2\project2\parser\debug\grammarhelpers.obj
f:\cse687ood\project2\project2\parser\debug\filesystem.obj
f:\cse687ood\project2\project2\parser\debug\abstrsyntree.obj
f:\cse687ood\project2\project2\debug\parser.lib
f:\cse687ood\project2\project2\debug\parser.pdb
f:\cse687ood\project2\project2\parser\debug\parser.tlog\cl.command.1.tlog
f:\cse687ood\project2\project2\parser\debug\parser.tlog\cl.read.1.tlog
f:\cse687ood\project2\project2\parser\debug\parser.tlog\cl.write.1.tlog
f:\cse687ood\project2\project2\parser\debug\parser.tlog\lib-link.read.1.tlog
f:\cse687ood\project2\project2\parser\debug\parser.tlog\lib-link.write.1.tlog
f:\cse687ood\project2\project2\parser\debug\parser.tlog\lib.command.1.tlog
